# JRE version: OpenJDK Runtime Environment (8.0_152-b01) (build 1.8.0_152-release-1343-b01)
# Java VM: OpenJDK 64-Bit Server VM (25.152-b01 mixed mode windows-amd64 compressed oops)
Heap:
 PSYoungGen      total 37888K, used 8984K [0x00000000d6000000, 0x00000000d8a00000, 0x0000000100000000)
  eden space 32768K, 11% used [0x00000000d6000000,0x00000000d63caf80,0x00000000d8000000)
  from space 5120K, 99% used [0x00000000d8000000,0x00000000d84fb1d8,0x00000000d8500000)
  to   space 5120K, 0% used [0x00000000d8500000,0x00000000d8500000,0x00000000d8a00000)
 ParOldGen       total 62976K, used 18562K [0x0000000082000000, 0x0000000085d80000, 0x00000000d6000000)
  object space 62976K, 29% used [0x0000000082000000,0x0000000083220af0,0x0000000085d80000)
 Metaspace       used 36384K, capacity 36905K, committed 37080K, reserved 1081344K
  class space    used 4592K, capacity 4733K, committed 4736K, reserved 1048576K
GC Heap History (10 events):
Event: 4.309 GC heap before
{Heap before GC invocations=5 (full 1):
 PSYoungGen      total 37888K, used 32768K [0x00000000d6000000, 0x00000000d8a00000, 0x0000000100000000)
  eden space 32768K, 100% used [0x00000000d6000000,0x00000000d8000000,0x00000000d8000000)
  from space 5120K, 0% used [0x00000000d8000000,0x00000000d8000000,0x00000000d8500000)
  to   space 5120K, 0% used [0x00000000d8500000,0x00000000d8500000,0x00000000d8a00000)
 ParOldGen       total 62976K, used 7707K [0x0000000082000000, 0x0000000085d80000, 0x00000000d6000000)
  object space 62976K, 12% used [0x0000000082000000,0x0000000082786eb0,0x0000000085d80000)
 Metaspace       used 24785K, capacity 25156K, committed 25344K, reserved 1071104K
  class space    used 3191K, capacity 3316K, committed 3328K, reserved 1048576K
Event: 4.314 GC heap after
Heap after GC invocations=5 (full 1):
 PSYoungGen      total 37888K, used 5116K [0x00000000d6000000, 0x00000000d8a00000, 0x0000000100000000)
  eden space 32768K, 0% used [0x00000000d6000000,0x00000000d6000000,0x00000000d8000000)
  from space 5120K, 99% used [0x00000000d8500000,0x00000000d89ff2f8,0x00000000d8a00000)
  to   space 5120K, 0% used [0x00000000d8000000,0x00000000d8000000,0x00000000d8500000)
 ParOldGen       total 62976K, used 10084K [0x0000000082000000, 0x0000000085d80000, 0x00000000d6000000)
  object space 62976K, 16% used [0x0000000082000000,0x00000000829d90a0,0x0000000085d80000)
 Metaspace       used 24785K, capacity 25156K, committed 25344K, reserved 1071104K
  class space    used 3191K, capacity 3316K, committed 3328K, reserved 1048576K
}
Event: 4.733 GC heap before
{Heap before GC invocations=6 (full 1):
 PSYoungGen      total 37888K, used 37884K [0x00000000d6000000, 0x00000000d8a00000, 0x0000000100000000)
  eden space 32768K, 100% used [0x00000000d6000000,0x00000000d8000000,0x00000000d8000000)
  from space 5120K, 99% used [0x00000000d8500000,0x00000000d89ff2f8,0x00000000d8a00000)
  to   space 5120K, 0% used [0x00000000d8000000,0x00000000d8000000,0x00000000d8500000)
 ParOldGen       total 62976K, used 10084K [0x0000000082000000, 0x0000000085d80000, 0x00000000d6000000)
  object space 62976K, 16% used [0x0000000082000000,0x00000000829d90a0,0x0000000085d80000)
 Metaspace       used 30111K, capacity 30516K, committed 30720K, reserved 1075200K
  class space    used 3860K, capacity 4028K, committed 4096K, reserved 1048576K
Event: 4.744 GC heap after
Heap after GC invocations=6 (full 1):
 PSYoungGen      total 37888K, used 5118K [0x00000000d6000000, 0x00000000d8a00000, 0x0000000100000000)
  eden space 32768K, 0% used [0x00000000d6000000,0x00000000d6000000,0x00000000d8000000)
  from space 5120K, 99% used [0x00000000d8000000,0x00000000d84ffb18,0x00000000d8500000)
  to   space 5120K, 0% used [0x00000000d8500000,0x00000000d8500000,0x00000000d8a00000)
 ParOldGen       total 62976K, used 18286K [0x0000000082000000, 0x0000000085d80000, 0x00000000d6000000)
  object space 62976K, 29% used [0x0000000082000000,0x00000000831dbb00,0x0000000085d80000)
 Metaspace       used 30111K, capacity 30516K, committed 30720K, reserved 1075200K
  class space    used 3860K, capacity 4028K, committed 4096K, reserved 1048576K
}
Event: 5.332 GC heap before
{Heap before GC invocations=7 (full 1):
 PSYoungGen      total 37888K, used 27742K [0x00000000d6000000, 0x00000000d8a00000, 0x0000000100000000)
  eden space 32768K, 69% used [0x00000000d6000000,0x00000000d7617d08,0x00000000d8000000)
  from space 5120K, 99% used [0x00000000d8000000,0x00000000d84ffb18,0x00000000d8500000)
  to   space 5120K, 0% used [0x00000000d8500000,0x00000000d8500000,0x00000000d8a00000)
 ParOldGen       total 62976K, used 18286K [0x0000000082000000, 0x0000000085d80000, 0x00000000d6000000)
  object space 62976K, 29% used [0x0000000082000000,0x00000000831dbb00,0x0000000085d80000)
 Metaspace       used 34675K, capacity 35180K, committed 35416K, reserved 1081344K
  class space    used 4433K, capacity 4568K, committed 4608K, reserved 1048576K
Event: 5.339 GC heap after
Heap after GC invocations=7 (full 1):
 PSYoungGen      total 37888K, used 5115K [0x00000000d6000000, 0x00000000d8a00000, 0x0000000100000000)
  eden space 32768K, 0% used [0x00000000d6000000,0x00000000d6000000,0x00000000d8000000)
  from space 5120K, 99% used [0x00000000d8500000,0x00000000d89fefe8,0x00000000d8a00000)
  to   space 5120K, 0% used [0x00000000d8000000,0x00000000d8000000,0x00000000d8500000)
 ParOldGen       total 62976K, used 24774K [0x0000000082000000, 0x0000000085d80000, 0x00000000d6000000)
  object space 62976K, 39% used [0x0000000082000000,0x0000000083831b10,0x0000000085d80000)
 Metaspace       used 34675K, capacity 35180K, committed 35416K, reserved 1081344K
  class space    used 4433K, capacity 4568K, committed 4608K, reserved 1048576K
}
Event: 5.339 GC heap before
{Heap before GC invocations=8 (full 2):
 PSYoungGen      total 37888K, used 5115K [0x00000000d6000000, 0x00000000d8a00000, 0x0000000100000000)
  eden space 32768K, 0% used [0x00000000d6000000,0x00000000d6000000,0x00000000d8000000)
  from space 5120K, 99% used [0x00000000d8500000,0x00000000d89fefe8,0x00000000d8a00000)
  to   space 5120K, 0% used [0x00000000d8000000,0x00000000d8000000,0x00000000d8500000)
 ParOldGen       total 62976K, used 24774K [0x0000000082000000, 0x0000000085d80000, 0x00000000d6000000)
  object space 62976K, 39% used [0x0000000082000000,0x0000000083831b10,0x0000000085d80000)
 Metaspace       used 34675K, capacity 35180K, committed 35416K, reserved 1081344K
  class space    used 4433K, capacity 4568K, committed 4608K, reserved 1048576K
Event: 5.400 GC heap after
Heap after GC invocations=8 (full 2):
 PSYoungGen      total 37888K, used 0K [0x00000000d6000000, 0x00000000d8a00000, 0x0000000100000000)
  eden space 32768K, 0% used [0x00000000d6000000,0x00000000d6000000,0x00000000d8000000)
  from space 5120K, 0% used [0x00000000d8500000,0x00000000d8500000,0x00000000d8a00000)
  to   space 5120K, 0% used [0x00000000d8000000,0x00000000d8000000,0x00000000d8500000)
 ParOldGen       total 62976K, used 18041K [0x0000000082000000, 0x0000000085d80000, 0x00000000d6000000)
  object space 62976K, 28% used [0x0000000082000000,0x000000008319e6b8,0x0000000085d80000)
 Metaspace       used 34675K, capacity 35180K, committed 35416K, reserved 1081344K
  class space    used 4433K, capacity 4568K, committed 4608K, reserved 1048576K
}
Event: 6.251 GC heap before
{Heap before GC invocations=9 (full 2):
 PSYoungGen      total 37888K, used 32768K [0x00000000d6000000, 0x00000000d8a00000, 0x0000000100000000)
  eden space 32768K, 100% used [0x00000000d6000000,0x00000000d8000000,0x00000000d8000000)
  from space 5120K, 0% used [0x00000000d8500000,0x00000000d8500000,0x00000000d8a00000)
  to   space 5120K, 0% used [0x00000000d8000000,0x00000000d8000000,0x00000000d8500000)
 ParOldGen       total 62976K, used 18041K [0x0000000082000000, 0x0000000085d80000, 0x00000000d6000000)
  object space 62976K, 28% used [0x0000000082000000,0x000000008319e6b8,0x0000000085d80000)
 Metaspace       used 36015K, capacity 36549K, committed 36824K, reserved 1081344K
  class space    used 4546K, capacity 4699K, committed 4736K, reserved 1048576K
Event: 6.258 GC heap after
Heap after GC invocations=9 (full 2):
 PSYoungGen      total 37888K, used 5100K [0x00000000d6000000, 0x00000000d8a00000, 0x0000000100000000)
  eden space 32768K, 0% used [0x00000000d6000000,0x00000000d6000000,0x00000000d8000000)
  from space 5120K, 99% used [0x00000000d8000000,0x00000000d84fb1d8,0x00000000d8500000)
  to   space 5120K, 0% used [0x00000000d8500000,0x00000000d8500000,0x00000000d8a00000)
 ParOldGen       total 62976K, used 18562K [0x0000000082000000, 0x0000000085d80000, 0x00000000d6000000)
  object space 62976K, 29% used [0x0000000082000000,0x0000000083220af0,0x0000000085d80000)
 Metaspace       used 36015K, capacity 36549K, committed 36824K, reserved 1081344K
  class space    used 4546K, capacity 4699K, committed 4736K, reserved 1048576K
}

